<?xml version="1.0" encoding="UTF-8"?>
<!-- Generated by org.testng.reporters.JUnitReportReporter -->
<testsuite hostname="PEPWUL109904" failures="0" tests="4" name="ebox.Selenium.LCCC.CustomerRegistration" time="77.668" errors="0" timestamp="25 Nov 2019 22:14:31 GMT" skipped="0">
  <testcase classname="ebox.Selenium.LCCC.CustomerRegistration" name="RegisterCustomer" time="19.053"/>
  <testcase classname="ebox.Selenium.LCCC.CustomerRegistration" name="RegisterCustomer" time="19.248"/>
  <testcase classname="ebox.Selenium.LCCC.CustomerRegistration" name="RegisterCustomer" time="20.072"/>
  <testcase classname="ebox.Selenium.LCCC.CustomerRegistration" name="RegisterCustomer" time="19.295"/>
</testsuite> <!-- ebox.Selenium.LCCC.CustomerRegistration -->
