<?xml version="1.0" encoding="UTF-8"?>
<!-- Generated by org.testng.reporters.JUnitReportReporter -->
<testsuite hostname="PEPWUL109904" failures="0" tests="1" name="ebox.Selenium.LCCC.DatadrivenQ2" time="0.000" errors="0" timestamp="24 Oct 2019 02:44:41 GMT" skipped="1">
  <testcase classname="ebox.Selenium.LCCC.DatadrivenQ2" name="testCustomer" time="0.000">
    <skipped/>
  </testcase> <!-- testCustomer -->
</testsuite> <!-- ebox.Selenium.LCCC.DatadrivenQ2 -->
