<?xml version="1.0" encoding="UTF-8"?>
<!-- Generated by org.testng.reporters.JUnitReportReporter -->
<testsuite hostname="PEPWUL109904" failures="0" tests="3" name="ebox.Selenium.LCCC.MyProfileTest" time="13.349" errors="0" timestamp="23 Sep 2019 00:01:20 GMT" skipped="0">
  <testcase classname="ebox.Selenium.LCCC.MyProfileTest" name="login" time="7.581"/>
  <testcase classname="ebox.Selenium.LCCC.MyProfileTest" name="loginmsg" time="5.061"/>
  <testcase classname="ebox.Selenium.LCCC.MyProfileTest" name="Profilepage" time="0.707"/>
</testsuite> <!-- ebox.Selenium.LCCC.MyProfileTest -->
