<?xml version="1.0" encoding="UTF-8"?>
<!-- Generated by org.testng.reporters.JUnitReportReporter -->
<testsuite hostname="PEPWUL109904" failures="0" tests="3" name="ebox.Selenium.LCCC.AddProfileToAddressBook" time="12.530" errors="0" timestamp="11 Nov 2019 02:32:57 GMT" skipped="0">
  <testcase classname="ebox.Selenium.LCCC.AddProfileToAddressBook" name="addAddressBook" time="5.930"/>
  <testcase classname="ebox.Selenium.LCCC.AddProfileToAddressBook" name="updateAddressBook" time="6.052"/>
  <testcase classname="ebox.Selenium.LCCC.AddProfileToAddressBook" name="deleteAddressBook" time="0.548"/>
</testsuite> <!-- ebox.Selenium.LCCC.AddProfileToAddressBook -->
