<?xml version="1.0" encoding="UTF-8"?>
<!-- Generated by org.testng.reporters.JUnitReportReporter -->
<testsuite hostname="PEPWUL109904" failures="0" tests="3" name="ebox.Selenium.LCCC.Shipment" time="0.009" errors="0" timestamp="13 Nov 2019 17:21:19 GMT" skipped="0">
  <testcase classname="ebox.Selenium.LCCC.Shipment" name="displayShipmentValues" time="0.002"/>
  <testcase classname="ebox.Selenium.LCCC.Shipment" name="displayShipmentValues" time="0.001"/>
  <testcase classname="ebox.Selenium.LCCC.Shipment" name="displayShipmentValues" time="0.006"/>
</testsuite> <!-- ebox.Selenium.LCCC.Shipment -->
