<?xml version="1.0" encoding="UTF-8"?>
<!-- Generated by org.testng.reporters.JUnitReportReporter -->
<testsuite hostname="PEPWUL109904" failures="0" tests="1" name="com.AA.exercise.techroundtest" time="0.106" errors="0" timestamp="24 Dec 2019 02:58:16 GMT" skipped="0">
  <testcase classname="com.AA.exercise.techroundtest" name="login" time="0.106"/>
</testsuite> <!-- com.AA.exercise.techroundtest -->
