<?xml version="1.0" encoding="UTF-8"?>
<!-- Generated by org.testng.reporters.JUnitReportReporter -->
<testsuite hostname="PEPWUL109904" failures="0" tests="2" name="ebox.Selenium.LCCC.HomePageTest" time="7.095" errors="0" timestamp="23 Sep 2019 00:01:20 GMT" skipped="0">
  <testcase classname="ebox.Selenium.LCCC.HomePageTest" name="login" time="7.011"/>
  <testcase classname="ebox.Selenium.LCCC.HomePageTest" name="loginmsg" time="0.084"/>
</testsuite> <!-- ebox.Selenium.LCCC.HomePageTest -->
