<?xml version="1.0" encoding="UTF-8"?>
<!-- Generated by org.testng.reporters.JUnitReportReporter -->
<testsuite hostname="PEPWUL109904" failures="0" tests="1" name="ebox.Selenium.LCCC.DataDrivenTestingShipment" time="5.362" errors="0" timestamp="11 Nov 2019 04:20:04 GMT" skipped="0">
  <testcase classname="ebox.Selenium.LCCC.DataDrivenTestingShipment" name="exceldriverntest" time="5.362"/>
</testsuite> <!-- ebox.Selenium.LCCC.DataDrivenTestingShipment -->
